Build started 12-12-2017 16:20:45.
     1>Project "C:\Users\sumit.dhyani\Documents\Visual Studio 2013\Projects\AlgoProblems\BitStringProblem\BitStringProblem.vcxproj" on node 2 (Build target(s)).
     1>ClCompile:
         C:\Program Files (x86)\Microsoft Visual Studio 12.0\VC\bin\CL.exe /c /I../ /ZI /nologo /W3 /WX- /Od /Oy- /D WIN32 /D _DEBUG /D _CONSOLE /D _LIB /D _UNICODE /D UNICODE /Gm /EHsc /RTC1 /MDd /GS /fp:precise /Zc:wchar_t /Zc:forScope /Fo"Debug\\" /Fd"Debug\vc120.pdb" /Gd /TP /analyze- /errorReport:prompt BitStringProblem.cpp
         BitStringProblem.cpp
     1>c:\users\sumit.dhyani\documents\visual studio 2013\projects\algoproblems\bitstringproblem\bitstringproblem.cpp(56): warning C4552: '<<' : operator has no effect; expected operator with side-effect
     1>c:\users\sumit.dhyani\documents\visual studio 2013\projects\algoproblems\bitstringproblem\bitstringproblem.cpp(62): warning C4552: '<<' : operator has no effect; expected operator with side-effect
     1>c:\users\sumit.dhyani\documents\visual studio 2013\projects\algoproblems\bitstringproblem\bitstringproblem.cpp(74): warning C4101: 'element' : unreferenced local variable
                 c:\users\sumit.dhyani\documents\visual studio 2013\projects\algoproblems\bitstringproblem\bitstringproblem.cpp(87) : see reference to function template instantiation 'void testgetKthStringAfterTransformation<std::ifstream,std::ostream>(In_Type &,Out_Type &)' being compiled
                 with
                 [
                     In_Type=std::ifstream
         ,            Out_Type=std::ostream
                 ]
       Link:
         C:\Program Files (x86)\Microsoft Visual Studio 12.0\VC\bin\link.exe /ERRORREPORT:PROMPT /OUT:"C:\Users\sumit.dhyani\Documents\Visual Studio 2013\Projects\AlgoProblems\Debug\BitStringProblem.exe" /INCREMENTAL /NOLOGO kernel32.lib user32.lib gdi32.lib winspool.lib comdlg32.lib advapi32.lib shell32.lib ole32.lib oleaut32.lib uuid.lib odbc32.lib odbccp32.lib /MANIFEST /MANIFESTUAC:"level='asInvoker' uiAccess='false'" /manifest:embed /DEBUG /PDB:"C:\Users\sumit.dhyani\Documents\Visual Studio 2013\Projects\AlgoProblems\Debug\BitStringProblem.pdb" /SUBSYSTEM:CONSOLE /TLBID:1 /DYNAMICBASE /NXCOMPAT /IMPLIB:"C:\Users\sumit.dhyani\Documents\Visual Studio 2013\Projects\AlgoProblems\Debug\BitStringProblem.lib" /MACHINE:X86 Debug\BitStringProblem.obj
         BitStringProblem.vcxproj -> C:\Users\sumit.dhyani\Documents\Visual Studio 2013\Projects\AlgoProblems\Debug\BitStringProblem.exe
     1>Done Building Project "C:\Users\sumit.dhyani\Documents\Visual Studio 2013\Projects\AlgoProblems\BitStringProblem\BitStringProblem.vcxproj" (Build target(s)).

Build succeeded.

Time Elapsed 00:00:00.55
